app/build/intermediates/manifest_merge_blame_file/release/manifest-merger-blame-release-report.txt
1<?xml version="1.0" encoding="utf-8"?>
2<manifest xmlns:android="http://schemas.android.com/apk/res/android"
3    package="com.newlondonweb.tabbedfragmentdemo"
4    android:versionCode="1"
5    android:versionName="1.0" >
6
7    <uses-sdk
8        android:minSdkVersion="21"
8-->src/main/AndroidManifest.xml
9        android:targetSdkVersion="29" />
9-->src/main/AndroidManifest.xml
10
11    <uses-permission android:name="android.permission.CAMERA" />
11-->src/main/AndroidManifest.xml:6:5-65
11-->src/main/AndroidManifest.xml:6:22-62
12    <uses-permission android:name="android.permission.ACCESS_MEDIA_LOCATION" />
12-->src/main/AndroidManifest.xml:7:5-80
12-->src/main/AndroidManifest.xml:7:22-77
13    <uses-permission android:name="android.permission.INTERNET" />
13-->src/main/AndroidManifest.xml:8:5-67
13-->src/main/AndroidManifest.xml:8:22-64
14    <uses-permission android:name="android.permission.WRITE_EXTERNAL_STORAGE" />
14-->src/main/AndroidManifest.xml:9:5-81
14-->src/main/AndroidManifest.xml:9:22-78
15    <uses-permission android:name="android.permission.READ_EXTERNAL_STORAGE" />
15-->src/main/AndroidManifest.xml:10:5-80
15-->src/main/AndroidManifest.xml:10:22-77
16    <uses-permission android:name="android.permission.ACCESS_COARSE_LOCATION" />
16-->src/main/AndroidManifest.xml:11:5-81
16-->src/main/AndroidManifest.xml:11:22-78
17    <uses-permission android:name="android.permission.ACCESS_NETWORK_STATE" />
17-->src/main/AndroidManifest.xml:12:5-78
17-->src/main/AndroidManifest.xml:12:22-76
18    <uses-permission android:name="android.permission.ACCESS_WIFI_STATE" />
18-->src/main/AndroidManifest.xml:13:5-75
18-->src/main/AndroidManifest.xml:13:22-73
19
20    <uses-feature
20-->src/main/AndroidManifest.xml:46:5-48:35
21        android:name="android.hardware.camera"
21-->src/main/AndroidManifest.xml:47:9-47
22        android:required="true" />
22-->src/main/AndroidManifest.xml:48:9-32
23
24    <application
24-->src/main/AndroidManifest.xml:15:5-45:19
25        android:allowBackup="true"
25-->src/main/AndroidManifest.xml:16:9-35
26        android:appComponentFactory="androidx.core.app.CoreComponentFactory"
26-->[androidx.core:core:1.1.0-rc01] AndroidManifest.xml:24:18-86
27        android:hardwareAccelerated="true"
27-->src/main/AndroidManifest.xml:22:9-43
28        android:icon="@mipmap/ic_launcher"
28-->src/main/AndroidManifest.xml:17:9-43
29        android:label="@string/app_name"
29-->src/main/AndroidManifest.xml:18:9-41
30        android:roundIcon="@mipmap/ic_launcher_round"
30-->src/main/AndroidManifest.xml:19:9-54
31        android:supportsRtl="true"
31-->src/main/AndroidManifest.xml:20:9-35
32        android:theme="@style/AppTheme" >
32-->src/main/AndroidManifest.xml:21:9-40
33        <provider
34            android:name="androidx.core.content.FileProvider"
34-->src/main/AndroidManifest.xml:26:13-62
35            android:authorities="com.newlondonweb.tabbedfragmentdemo.fileprovider"
35-->src/main/AndroidManifest.xml:27:13-64
36            android:exported="false"
36-->src/main/AndroidManifest.xml:28:13-37
37            android:grantUriPermissions="true" >
37-->src/main/AndroidManifest.xml:29:13-47
38            <meta-data
38-->src/main/AndroidManifest.xml:30:13-32:64
39                android:name="android.support.FILE_PROVIDER_PATHS"
39-->src/main/AndroidManifest.xml:31:17-67
40                android:resource="@xml/file_paths" />
40-->src/main/AndroidManifest.xml:32:17-51
41        </provider>
42
43        <activity
43-->src/main/AndroidManifest.xml:35:9-44:20
44            android:name="com.newlondonweb.tabbedfragmentdemo.MainActivity"
44-->src/main/AndroidManifest.xml:36:13-41
45            android:label="@string/app_name"
45-->src/main/AndroidManifest.xml:37:13-45
46            android:theme="@style/AppTheme.NoActionBar" >
46-->src/main/AndroidManifest.xml:38:13-56
47            <intent-filter>
47-->src/main/AndroidManifest.xml:39:13-43:29
48                <action android:name="android.intent.action.MAIN" />
48-->src/main/AndroidManifest.xml:40:17-69
48-->src/main/AndroidManifest.xml:40:25-66
49
50                <category android:name="android.intent.category.LAUNCHER" />
50-->src/main/AndroidManifest.xml:42:17-77
50-->src/main/AndroidManifest.xml:42:27-74
51            </intent-filter>
52        </activity>
53
54        <provider
54-->[androidx.camera:camera-camera2:1.0.0-alpha04] AndroidManifest.xml:25:9-30:43
55            android:name="androidx.camera.camera2.impl.Camera2Initializer"
55-->[androidx.camera:camera-camera2:1.0.0-alpha04] AndroidManifest.xml:26:13-75
56            android:authorities="com.newlondonweb.tabbedfragmentdemo.camerax-init"
56-->[androidx.camera:camera-camera2:1.0.0-alpha04] AndroidManifest.xml:27:13-64
57            android:exported="false"
57-->[androidx.camera:camera-camera2:1.0.0-alpha04] AndroidManifest.xml:28:13-37
58            android:initOrder="100"
58-->[androidx.camera:camera-camera2:1.0.0-alpha04] AndroidManifest.xml:29:13-36
59            android:multiprocess="true" />
59-->[androidx.camera:camera-camera2:1.0.0-alpha04] AndroidManifest.xml:30:13-40
60
61        <service
61-->[androidx.room:room-runtime:2.1.0] AndroidManifest.xml:25:9-27:40
62            android:name="androidx.room.MultiInstanceInvalidationService"
62-->[androidx.room:room-runtime:2.1.0] AndroidManifest.xml:26:13-74
63            android:exported="false" />
63-->[androidx.room:room-runtime:2.1.0] AndroidManifest.xml:27:13-37
64
65        <activity
65-->[com.google.android.gms:play-services-base:17.0.0] AndroidManifest.xml:23:9-26:75
66            android:name="com.google.android.gms.common.api.GoogleApiActivity"
66-->[com.google.android.gms:play-services-base:17.0.0] AndroidManifest.xml:24:13-79
67            android:exported="false"
67-->[com.google.android.gms:play-services-base:17.0.0] AndroidManifest.xml:25:13-37
68            android:theme="@android:style/Theme.Translucent.NoTitleBar" />
68-->[com.google.android.gms:play-services-base:17.0.0] AndroidManifest.xml:26:13-72
69
70        <meta-data
70-->[com.google.android.gms:play-services-basement:17.0.0] AndroidManifest.xml:23:9-25:69
71            android:name="com.google.android.gms.version"
71-->[com.google.android.gms:play-services-basement:17.0.0] AndroidManifest.xml:24:13-58
72            android:value="@integer/google_play_services_version" />
72-->[com.google.android.gms:play-services-basement:17.0.0] AndroidManifest.xml:25:13-66
73
74        <provider
74-->[androidx.lifecycle:lifecycle-process:2.2.0-alpha03] AndroidManifest.xml:25:9-29:43
75            android:name="androidx.lifecycle.ProcessLifecycleOwnerInitializer"
75-->[androidx.lifecycle:lifecycle-process:2.2.0-alpha03] AndroidManifest.xml:26:13-79
76            android:authorities="com.newlondonweb.tabbedfragmentdemo.lifecycle-process"
76-->[androidx.lifecycle:lifecycle-process:2.2.0-alpha03] AndroidManifest.xml:27:13-69
77            android:exported="false"
77-->[androidx.lifecycle:lifecycle-process:2.2.0-alpha03] AndroidManifest.xml:28:13-37
78            android:multiprocess="true" />
78-->[androidx.lifecycle:lifecycle-process:2.2.0-alpha03] AndroidManifest.xml:29:13-40
79    </application>
80
81</manifest>